#
# A fatal error has been detected by the Java Runtime Environment:
#
#  EXCEPTION_ACCESS_VIOLATION (0xc0000005) at pc=0x000000006af6ca70, pid=6768, tid=7232
#
# JRE version: Java(TM) SE Runtime Environment (8.0_91-b14) (build 1.8.0_91-b14)
# Java VM: Java HotSpot(TM) 64-Bit Server VM (25.91-b14 mixed mode windows-amd64 compressed oops)
# Problematic frame:
# V  [jvm.dll+0x49ca70]
#
# Failed to write core dump. Minidumps are not enabled by default on client versions of Windows
#
# If you would like to submit a bug report, please visit:
#   http://bugreport.java.com/bugreport/crash.jsp
#

---------------  T H R E A D  ---------------

Current thread (0x000000005750f000):  JavaThread "C2 CompilerThread1" daemon [_thread_in_native, id=7232, stack(0x0000000059270000,0x0000000059370000)]

siginfo: ExceptionCode=0xc0000005, writing address 0x0000000000000000

Registers:
RAX=0x0000000000000000, RBX=0x000000006df757b0, RCX=0x000000005936c350, RDX=0x0000000000044000
RSP=0x000000005936c2b8, RBP=0x00000000000028f2, RSI=0x000000005936c670, RDI=0x00000000000013bf
R8 =0x0000000000040000, R9 =0x0000000067068860, R10=0x000000006aad0000, R11=0x000000006e0ef0f0
R12=0x000000006b2e36a8, R13=0x000000006874ea30, R14=0x0000000000135f10, R15=0x000000006aad0000
RIP=0x000000006af6ca70, EFLAGS=0x0000000000010246

Top of Stack: (sp=0x000000005936c2b8)
0x000000005936c2b8:   000000006af35bdf 000000005936c690
0x000000005936c2c8:   000000006df6dfb0 00000000000028f2
0x000000005936c2d8:   000000005936c670 0000398500000000
0x000000005936c2e8:   0000000000000008 000000006bbbac80
0x000000005936c2f8:   000000000000003a 0000000066677740
0x000000005936c308:   000000000000003a 000000006e06acb0
0x000000005936c318:   0000398500000000 0000000000000008
0x000000005936c328:   000000006b5c7a20 000000000000003a
0x000000005936c338:   000000006b7767b0 000000000000003a
0x000000005936c348:   000000006e049790 000013c400000000
0x000000005936c358:   0000000000000006 000000006b59d1a0
0x000000005936c368:   0000000000000014 000000006bbca390
0x000000005936c378:   000000000000003a 000000005936c690
0x000000005936c388:   000000000000003a 0000000066a9ace8
0x000000005936c398:   000000005936c670 00000000000028f2
0x000000005936c3a8:   000000006e06acb0 0000000000002c47 

Instructions: (pc=0x000000006af6ca70)
0x000000006af6ca50:   bb 90 00 00 00 72 e9 48 8b 5c 24 40 48 83 c4 20
0x000000006af6ca60:   5f c3 cc cc cc cc cc cc cc cc cc cc cc cc cc cc
0x000000006af6ca70:   40 57 48 83 ec 20 48 63 51 08 48 8b f9 83 fa 08
0x000000006af6ca80:   73 22 48 8b 41 10 48 8d 0c 90 66 0f 1f 44 00 00 


Register to memory mapping:

RAX=0x0000000000000000 is an unknown value
RBX=0x000000006df757b0 is an unknown value
RCX=0x000000005936c350 is pointing into the stack for thread: 0x000000005750f000
RDX=0x0000000000044000 is an unknown value
RSP=0x000000005936c2b8 is pointing into the stack for thread: 0x000000005750f000
RBP=0x00000000000028f2 is an unknown value
RSI=0x000000005936c670 is pointing into the stack for thread: 0x000000005750f000
RDI=0x00000000000013bf is an unknown value
R8 =0x0000000000040000 is an unknown value
R9 =0x0000000067068860 is an unknown value
R10=0x000000006aad0000 is an unknown value
R11=0x000000006e0ef0f0 is an unknown value
R12=0x000000006b2e36a8 is an unknown value
R13=0x000000006874ea30 is an unknown value
R14=0x0000000000135f10 is an unknown value
R15=0x000000006aad0000 is an unknown value


Stack: [0x0000000059270000,0x0000000059370000],  sp=0x000000005936c2b8,  free space=1008k
Native frames: (J=compiled Java code, j=interpreted, Vv=VM code, C=native code)
V  [jvm.dll+0x49ca70]
V  [jvm.dll+0x465bdf]
V  [jvm.dll+0x4676a8]
V  [jvm.dll+0x467896]
V  [jvm.dll+0x465424]
V  [jvm.dll+0x4644d4]
V  [jvm.dll+0x46f55b]
V  [jvm.dll+0x471b72]
V  [jvm.dll+0x454ce2]
V  [jvm.dll+0xa4be2]
V  [jvm.dll+0xa551f]
V  [jvm.dll+0x243ae4]
V  [jvm.dll+0x29a99a]
C  [msvcr100.dll+0x21d9f]
C  [msvcr100.dll+0x21e3b]
C  [kernel32.dll+0x1556d]
C  [ntdll.dll+0x5372d]


Current CompileTask:
C2:15301949 26961       4       org.gradle.api.internal.artifacts.ivyservice.resolveengine.graph.builder.DependencyGraphBuilder::performSelectionSerially (102 bytes)


---------------  P R O C E S S  ---------------

Java Threads: ( => current thread )
  0x00000000658e1800 JavaThread "Cache worker for file content cache (D:\_code\#UpdatedAllCode\3#FODROID\front-office-android\.gradle\6.1.1\fileContent)" [_thread_blocked, id=9212, stack(0x0000000067840000,0x0000000067940000)]
  0x0000000064f14800 JavaThread "Cache worker for Build Output Cleanup Cache (D:\_code\#UpdatedAllCode\3#FODROID\front-office-android\.gradle\buildOutputCleanup)" [_thread_blocked, id=2568, stack(0x0000000067e20000,0x0000000067f20000)]
  0x0000000064f13800 JavaThread "pool-13-thread-1" [_thread_blocked, id=5712, stack(0x00000000675e0000,0x00000000676e0000)]
  0x0000000061ba3800 JavaThread "Build operations Thread 4" [_thread_blocked, id=800, stack(0x0000000067b30000,0x0000000067c30000)]
  0x0000000061ba5000 JavaThread "Build operations Thread 3" [_thread_blocked, id=3592, stack(0x0000000067730000,0x0000000067830000)]
  0x0000000061ba2800 JavaThread "Build operations Thread 2" [_thread_blocked, id=8560, stack(0x0000000065fd0000,0x00000000660d0000)]
  0x000000005a3f1000 JavaThread "Build operations" [_thread_blocked, id=8460, stack(0x00000000674b0000,0x00000000675b0000)]
  0x000000005a3fa000 JavaThread "Cache worker for cache directory md-rule (C:\Users\program\.gradle\caches\6.1.1\md-rule)" [_thread_blocked, id=8764, stack(0x00000000671c0000,0x00000000672c0000)]
  0x000000005a3f2800 JavaThread "Cache worker for cache directory md-supplier (C:\Users\program\.gradle\caches\6.1.1\md-supplier)" [_thread_blocked, id=6124, stack(0x0000000060cd0000,0x0000000060dd0000)]
  0x000000005a3f8000 JavaThread "Cache worker for file hash cache (D:\_code\#UpdatedAllCode\3#FODROID\front-office-android\.gradle\6.1.1\fileHashes)" [_thread_blocked, id=6412, stack(0x0000000060900000,0x0000000060a00000)]
  0x000000005a3ed800 JavaThread "Cache worker for checksums cache (D:\_code\#UpdatedAllCode\3#FODROID\front-office-android\.gradle\checksums)" [_thread_blocked, id=2588, stack(0x00000000607f0000,0x00000000608f0000)]
  0x000000005a3ef000 JavaThread "Thread-170" [_thread_blocked, id=5128, stack(0x000000005f550000,0x000000005f650000)]
  0x000000005a3ef800 JavaThread "Stdin handler" [_thread_blocked, id=8924, stack(0x000000005f320000,0x000000005f420000)]
  0x000000005a3f4000 JavaThread "Asynchronous log dispatcher for DefaultDaemonConnection: socket connection from /127.0.0.1:1218 to /127.0.0.1:4595" [_thread_blocked, id=8736, stack(0x000000005be90000,0x000000005bf90000)]
  0x000000005a3f8800 JavaThread "Daemon worker Thread 8" [_thread_in_native, id=6760, stack(0x000000005ea00000,0x000000005eb00000)]
  0x000000005a3f5000 JavaThread "Cancel handler" [_thread_blocked, id=8692, stack(0x00000000594d0000,0x00000000595d0000)]
  0x000000005a3f3800 JavaThread "Handler for socket connection from /127.0.0.1:1218 to /127.0.0.1:4595" [_thread_in_native, id=6240, stack(0x000000005bac0000,0x000000005bbc0000)]
  0x000000005a3f6800 JavaThread "Daemon Thread 8" [_thread_blocked, id=8520, stack(0x000000005b080000,0x000000005b180000)]
  0x0000000062241000 JavaThread "Cache worker for Java compile cache (C:\Users\program\.gradle\caches\6.1.1\javaCompile)" [_thread_blocked, id=8864, stack(0x00000000690f0000,0x00000000691f0000)]
  0x0000000062242800 JavaThread "Cache worker for file content cache (C:\Users\program\.gradle\caches\6.1.1\fileContent)" [_thread_blocked, id=8840, stack(0x0000000067c50000,0x0000000067d50000)]
  0x0000000062241800 JavaThread "Memory manager" [_thread_blocked, id=8976, stack(0x0000000067a30000,0x0000000067b30000)]
  0x000000005a3f0800 JavaThread "Cache worker for execution history cache (C:\Users\program\.gradle\caches\6.1.1\executionHistory)" [_thread_blocked, id=7912, stack(0x000000005f670000,0x000000005f770000)]
  0x000000005a3ec800 JavaThread "Cache worker for file hash cache (C:\Users\program\.gradle\caches\6.1.1\fileHashes)" [_thread_blocked, id=7488, stack(0x000000005d720000,0x000000005d820000)]
  0x000000005a3ec000 JavaThread "File lock request listener" [_thread_in_native, id=7484, stack(0x000000005c630000,0x000000005c730000)]
  0x000000005a3eb000 JavaThread "Cache worker for journal cache (C:\Users\program\.gradle\caches\journal-1)" [_thread_blocked, id=7480, stack(0x000000005c000000,0x000000005c100000)]
  0x0000000059c94800 JavaThread "Daemon periodic checks" [_thread_blocked, id=7392, stack(0x000000005b8d0000,0x000000005b9d0000)]
  0x000000005a543800 JavaThread "Incoming local TCP Connector on port 1218" [_thread_in_native, id=7388, stack(0x000000005b750000,0x000000005b850000)]
  0x0000000058fb3000 JavaThread "Daemon health stats" [_thread_blocked, id=7360, stack(0x000000005b1a0000,0x000000005b2a0000)]
  0x0000000058eb4000 JavaThread "Service Thread" daemon [_thread_blocked, id=7240, stack(0x00000000595d0000,0x00000000596d0000)]
  0x0000000058e3f000 JavaThread "C1 CompilerThread2" daemon [_thread_blocked, id=7236, stack(0x00000000593d0000,0x00000000594d0000)]
=>0x000000005750f000 JavaThread "C2 CompilerThread1" daemon [_thread_in_native, id=7232, stack(0x0000000059270000,0x0000000059370000)]
  0x0000000057509800 JavaThread "C2 CompilerThread0" daemon [_thread_in_native, id=7228, stack(0x0000000058d30000,0x0000000058e30000)]
  0x0000000057508800 JavaThread "Attach Listener" daemon [_thread_blocked, id=7224, stack(0x0000000058ad0000,0x0000000058bd0000)]
  0x0000000057505000 JavaThread "Signal Dispatcher" daemon [_thread_blocked, id=7220, stack(0x0000000058be0000,0x0000000058ce0000)]
  0x00000000574e9800 JavaThread "Finalizer" daemon [_thread_blocked, id=7216, stack(0x0000000058960000,0x0000000058a60000)]
  0x00000000574a2800 JavaThread "Reference Handler" daemon [_thread_blocked, id=7212, stack(0x0000000058770000,0x0000000058870000)]
  0x00000000021df800 JavaThread "main" [_thread_blocked, id=7188, stack(0x0000000002440000,0x0000000002540000)]

Other Threads:
  0x000000005749b000 VMThread [stack: 0x0000000058650000,0x0000000058750000] [id=7208]
  0x0000000058ec5800 WatcherThread [stack: 0x00000000597a0000,0x00000000598a0000] [id=7244]

VM state:not at safepoint (normal execution)

VM Mutex/Monitor currently owned by a thread: None

Heap:
 PSYoungGen      total 381440K, used 74316K [0x00000000d5580000, 0x00000000fa580000, 0x0000000100000000)
  eden space 373760K, 19% used [0x00000000d5580000,0x00000000d9e13268,0x00000000ec280000)
  from space 7680K, 0% used [0x00000000f9e00000,0x00000000f9e00000,0x00000000fa580000)
  to   space 90112K, 0% used [0x00000000ef580000,0x00000000ef580000,0x00000000f4d80000)
 ParOldGen       total 184832K, used 69262K [0x0000000080000000, 0x000000008b480000, 0x00000000d5580000)
  object space 184832K, 37% used [0x0000000080000000,0x00000000843a3bf0,0x000000008b480000)
 Metaspace       used 118056K, capacity 122978K, committed 130944K, reserved 1163264K
  class space    used 15095K, capacity 16021K, committed 17024K, reserved 1048576K

Card table byte_map: [0x0000000011bd0000,0x0000000011fe0000] byte_map_base: 0x00000000117d0000

Marking Bits: (ParMarkBitMap*) 0x000000006b2e2f70
 Begin Bits: [0x0000000012710000, 0x0000000014710000)
 End Bits:   [0x0000000014710000, 0x0000000016710000)

Polling page: 0x0000000000230000

CodeCache: size=245760Kb used=70883Kb max_used=72869Kb free=174876Kb
 bounds [0x0000000002810000, 0x0000000006fa0000, 0x0000000011810000]
 total_blobs=21534 nmethods=20564 adapters=879
 compilation: enabled

Compilation events (10 events):
Event: 15297.687 Thread 0x0000000058e3f000 27069       1       org.gradle.api.internal.attributes.DefaultAttributesSchema::access$000 (5 bytes)
Event: 15297.687 Thread 0x0000000058e3f000 nmethod 27069 0x0000000002c5a250 code [0x0000000002c5a3a0, 0x0000000002c5a490]
Event: 15297.759 Thread 0x0000000058e3f000 27070       1       org.gradle.api.internal.artifacts.ivyservice.ivyresolve.DynamicVersionResolver$RepositoryResolveState::access$100 (5 bytes)
Event: 15297.759 Thread 0x0000000058e3f000 nmethod 27070 0x0000000005762c90 code [0x0000000005762de0, 0x0000000005762ed0]
Event: 15297.759 Thread 0x0000000058e3f000 27071       2       org.gradle.internal.resolve.result.DefaultBuildableModuleVersionListingResolveResult::assertHasResult (18 bytes)
Event: 15297.760 Thread 0x0000000058e3f000 nmethod 27071 0x0000000005f22790 code [0x0000000005f22900, 0x0000000005f22b28]
Event: 15297.812 Thread 0x0000000058e3f000 27072       1       java.util.Collections$SingletonMap::size (2 bytes)
Event: 15297.812 Thread 0x0000000058e3f000 nmethod 27072 0x0000000005403650 code [0x00000000054037a0, 0x00000000054038b0]
Event: 15297.825 Thread 0x0000000058e3f000 27073       1       org.gradle.internal.component.local.model.DefaultLocalComponentMetadata::access$1700 (5 bytes)
Event: 15297.825 Thread 0x0000000058e3f000 nmethod 27073 0x0000000005f224d0 code [0x0000000005f22620, 0x0000000005f22710]

GC Heap History (10 events):
Event: 10708.664 GC heap before
{Heap before GC invocations=22 (full 5):
 PSYoungGen      total 465920K, used 457329K [0x00000000d5580000, 0x00000000f6b00000, 0x0000000100000000)
  eden space 426496K, 100% used [0x00000000d5580000,0x00000000ef600000,0x00000000ef600000)
  from space 39424K, 78% used [0x00000000f4480000,0x00000000f629c428,0x00000000f6b00000)
  to   space 59904K, 0% used [0x00000000ef600000,0x00000000ef600000,0x00000000f3080000)
 ParOldGen       total 193536K, used 94200K [0x0000000080000000, 0x000000008bd00000, 0x00000000d5580000)
  object space 193536K, 48% used [0x0000000080000000,0x0000000085bfe2e8,0x000000008bd00000)
 Metaspace       used 117604K, capacity 122602K, committed 123008K, reserved 1157120K
  class space    used 15132K, capacity 16094K, committed 16256K, reserved 1048576K
Event: 10708.739 GC heap after
Heap after GC invocations=22 (full 5):
 PSYoungGen      total 438784K, used 30219K [0x00000000d5580000, 0x00000000f5600000, 0x0000000100000000)
  eden space 408064K, 0% used [0x00000000d5580000,0x00000000d5580000,0x00000000ee400000)
  from space 30720K, 98% used [0x00000000ef600000,0x00000000f1382e80,0x00000000f1400000)
  to   space 58368K, 0% used [0x00000000f1d00000,0x00000000f1d00000,0x00000000f5600000)
 ParOldGen       total 193536K, used 94208K [0x0000000080000000, 0x000000008bd00000, 0x00000000d5580000)
  object space 193536K, 48% used [0x0000000080000000,0x0000000085c002e8,0x000000008bd00000)
 Metaspace       used 117604K, capacity 122602K, committed 123008K, reserved 1157120K
  class space    used 15132K, capacity 16094K, committed 16256K, reserved 1048576K
}
Event: 11024.607 GC heap before
{Heap before GC invocations=23 (full 5):
 PSYoungGen      total 438784K, used 438283K [0x00000000d5580000, 0x00000000f5600000, 0x0000000100000000)
  eden space 408064K, 100% used [0x00000000d5580000,0x00000000ee400000,0x00000000ee400000)
  from space 30720K, 98% used [0x00000000ef600000,0x00000000f1382e80,0x00000000f1400000)
  to   space 58368K, 0% used [0x00000000f1d00000,0x00000000f1d00000,0x00000000f5600000)
 ParOldGen       total 193536K, used 94208K [0x0000000080000000, 0x000000008bd00000, 0x00000000d5580000)
  object space 193536K, 48% used [0x0000000080000000,0x0000000085c002e8,0x000000008bd00000)
 Metaspace       used 118851K, capacity 123902K, committed 124160K, reserved 1157120K
  class space    used 15252K, capacity 16226K, committed 16384K, reserved 1048576K
Event: 11024.710 GC heap after
Heap after GC invocations=23 (full 5):
 PSYoungGen      total 449024K, used 58366K [0x00000000d5580000, 0x00000000f5900000, 0x0000000100000000)
  eden space 390656K, 0% used [0x00000000d5580000,0x00000000d5580000,0x00000000ed300000)
  from space 58368K, 99% used [0x00000000f1d00000,0x00000000f55ff8d8,0x00000000f5600000)
  to   space 68608K, 0% used [0x00000000ed300000,0x00000000ed300000,0x00000000f1600000)
 ParOldGen       total 193536K, used 97175K [0x0000000080000000, 0x000000008bd00000, 0x00000000d5580000)
  object space 193536K, 50% used [0x0000000080000000,0x0000000085ee5e40,0x000000008bd00000)
 Metaspace       used 118851K, capacity 123902K, committed 124160K, reserved 1157120K
  class space    used 15252K, capacity 16226K, committed 16384K, reserved 1048576K
}
Event: 11028.891 GC heap before
{Heap before GC invocations=24 (full 5):
 PSYoungGen      total 449024K, used 449022K [0x00000000d5580000, 0x00000000f5900000, 0x0000000100000000)
  eden space 390656K, 100% used [0x00000000d5580000,0x00000000ed300000,0x00000000ed300000)
  from space 58368K, 99% used [0x00000000f1d00000,0x00000000f55ff8d8,0x00000000f5600000)
  to   space 68608K, 0% used [0x00000000ed300000,0x00000000ed300000,0x00000000f1600000)
 ParOldGen       total 193536K, used 97175K [0x0000000080000000, 0x000000008bd00000, 0x00000000d5580000)
  object space 193536K, 50% used [0x0000000080000000,0x0000000085ee5e40,0x000000008bd00000)
 Metaspace       used 124940K, capacity 130052K, committed 130432K, reserved 1163264K
  class space    used 15934K, capacity 16931K, committed 17024K, reserved 1048576K
Event: 11029.030 GC heap after
Heap after GC invocations=24 (full 5):
 PSYoungGen      total 459264K, used 68577K [0x00000000d5580000, 0x00000000ff680000, 0x0000000100000000)
  eden space 390656K, 0% used [0x00000000d5580000,0x00000000d5580000,0x00000000ed300000)
  from space 68608K, 99% used [0x00000000ed300000,0x00000000f15f84d8,0x00000000f1600000)
  to   space 90624K, 0% used [0x00000000f9e00000,0x00000000f9e00000,0x00000000ff680000)
 ParOldGen       total 193536K, used 127769K [0x0000000080000000, 0x000000008bd00000, 0x00000000d5580000)
  object space 193536K, 66% used [0x0000000080000000,0x0000000087cc66e8,0x000000008bd00000)
 Metaspace       used 124940K, capacity 130052K, committed 130432K, reserved 1163264K
  class space    used 15934K, capacity 16931K, committed 17024K, reserved 1048576K
}
Event: 15296.732 GC heap before
{Heap before GC invocations=25 (full 5):
 PSYoungGen      total 459264K, used 459233K [0x00000000d5580000, 0x00000000ff680000, 0x0000000100000000)
  eden space 390656K, 100% used [0x00000000d5580000,0x00000000ed300000,0x00000000ed300000)
  from space 68608K, 99% used [0x00000000ed300000,0x00000000f15f84d8,0x00000000f1600000)
  to   space 90624K, 0% used [0x00000000f9e00000,0x00000000f9e00000,0x00000000ff680000)
 ParOldGen       total 193536K, used 127769K [0x0000000080000000, 0x000000008bd00000, 0x00000000d5580000)
  object space 193536K, 66% used [0x0000000080000000,0x0000000087cc66e8,0x000000008bd00000)
 Metaspace       used 125458K, capacity 130706K, committed 130944K, reserved 1163264K
  class space    used 15947K, capacity 16950K, committed 17024K, reserved 1048576K
Event: 15296.841 GC heap after
Heap after GC invocations=25 (full 5):
 PSYoungGen      total 381440K, used 7326K [0x00000000d5580000, 0x00000000fa580000, 0x0000000100000000)
  eden space 373760K, 0% used [0x00000000d5580000,0x00000000d5580000,0x00000000ec280000)
  from space 7680K, 95% used [0x00000000f9e00000,0x00000000fa527898,0x00000000fa580000)
  to   space 90112K, 0% used [0x00000000ef580000,0x00000000ef580000,0x00000000f4d80000)
 ParOldGen       total 193536K, used 185585K [0x0000000080000000, 0x000000008bd00000, 0x00000000d5580000)
  object space 193536K, 95% used [0x0000000080000000,0x000000008b53c748,0x000000008bd00000)
 Metaspace       used 125458K, capacity 130706K, committed 130944K, reserved 1163264K
  class space    used 15947K, capacity 16950K, committed 17024K, reserved 1048576K
}
Event: 15296.841 GC heap before
{Heap before GC invocations=26 (full 6):
 PSYoungGen      total 381440K, used 7326K [0x00000000d5580000, 0x00000000fa580000, 0x0000000100000000)
  eden space 373760K, 0% used [0x00000000d5580000,0x00000000d5580000,0x00000000ec280000)
  from space 7680K, 95% used [0x00000000f9e00000,0x00000000fa527898,0x00000000fa580000)
  to   space 90112K, 0% used [0x00000000ef580000,0x00000000ef580000,0x00000000f4d80000)
 ParOldGen       total 193536K, used 185585K [0x0000000080000000, 0x000000008bd00000, 0x00000000d5580000)
  object space 193536K, 95% used [0x0000000080000000,0x000000008b53c748,0x000000008bd00000)
 Metaspace       used 125458K, capacity 130706K, committed 130944K, reserved 1163264K
  class space    used 15947K, capacity 16950K, committed 17024K, reserved 1048576K
Event: 15297.131 GC heap after
Heap after GC invocations=26 (full 6):
 PSYoungGen      total 381440K, used 0K [0x00000000d5580000, 0x00000000fa580000, 0x0000000100000000)
  eden space 373760K, 0% used [0x00000000d5580000,0x00000000d5580000,0x00000000ec280000)
  from space 7680K, 0% used [0x00000000f9e00000,0x00000000f9e00000,0x00000000fa580000)
  to   space 90112K, 0% used [0x00000000ef580000,0x00000000ef580000,0x00000000f4d80000)
 ParOldGen       total 184832K, used 69262K [0x0000000080000000, 0x000000008b480000, 0x00000000d5580000)
  object space 184832K, 37% used [0x0000000080000000,0x00000000843a3bf0,0x000000008b480000)
 Metaspace       used 117748K, capacity 122430K, committed 130944K, reserved 1163264K
  class space    used 15040K, capacity 15922K, committed 17024K, reserved 1048576K
}

Deoptimization events (10 events):
Event: 11030.627 Thread 0x00000000658e1000 Uncommon trap: reason=bimorphic action=maybe_recompile pc=0x0000000003e66064 method=java.util.stream.StreamOpFlag.fromCharacteristics(Ljava/util/Spliterator;)I @ 14
Event: 11030.731 Thread 0x00000000658e1000 Uncommon trap: reason=null_check action=make_not_entrant pc=0x0000000005f75038 method=com.android.tools.r8.ir.conversion.o.a(II)Lcom/android/tools/r8/graph/r; @ 14
Event: 11031.023 Thread 0x00000000658e1000 Uncommon trap: reason=unstable_if action=reinterpret pc=0x0000000002e49b24 method=com.android.tools.r8.v.a.a.a.f.X$e.contains(Ljava/lang/Object;)Z @ 124
Event: 11031.085 Thread 0x00000000658e1000 Uncommon trap: reason=array_check action=maybe_recompile pc=0x000000000613787c method=java.util.TimSort.mergeLo(IIII)V @ 81
Event: 11031.085 Thread 0x00000000658e1000 Uncommon trap: reason=array_check action=maybe_recompile pc=0x000000000613787c method=java.util.TimSort.mergeLo(IIII)V @ 81
Event: 11031.579 Thread 0x000000005d89f800 Uncommon trap: reason=unloaded action=reinterpret pc=0x00000000060e563c method=com.android.tools.r8.code.u1.a(Ljava/nio/ShortBuffer;IILcom/android/tools/r8/graph/I0;)[Lcom/android/tools/r8/code/t1; @ 2902
Event: 11032.129 Thread 0x000000005d89e000 Uncommon trap: reason=unstable_if action=reinterpret pc=0x0000000003fc7bb8 method=java.nio.Bits.copyFromArray(Ljava/lang/Object;JJJJ)V @ 18
Event: 11032.291 Thread 0x000000005d89b800 Uncommon trap: reason=bimorphic action=maybe_recompile pc=0x00000000065015cc method=com.google.common.collect.TransformedIterator.hasNext()Z @ 4
Event: 11032.294 Thread 0x000000005d89b800 Uncommon trap: reason=unstable_if action=reinterpret pc=0x00000000052fcb04 method=java.nio.Bits.copyToArray(JLjava/lang/Object;JJJ)V @ 19
Event: 11032.499 Thread 0x000000005a3f3800 Uncommon trap: reason=unstable_if action=reinterpret pc=0x0000000006d1287c method=java.util.Formatter.parse(Ljava/lang/String;)[Ljava/util/Formatter$FormatString; @ 29

Internal exceptions (10 events):
Event: 15297.302 Thread 0x000000005a3ef000 Exception <a 'java/lang/NoSuchMethodError': <clinit>> (0x00000000d726ea10) thrown at [C:\re\workspace\8-2-build-windows-amd64-cygwin\jdk8u91\6644\hotspot\src\share\vm\prims\jni.cpp, line 1613]
Event: 15297.304 Thread 0x000000005a3ef000 Exception <a 'java/lang/NoSuchMethodError': <clinit>> (0x00000000d7290938) thrown at [C:\re\workspace\8-2-build-windows-amd64-cygwin\jdk8u91\6644\hotspot\src\share\vm\prims\jni.cpp, line 1613]
Event: 15297.305 Thread 0x000000005a3ef000 Exception <a 'java/lang/NoSuchMethodError': <clinit>> (0x00000000d7291da8) thrown at [C:\re\workspace\8-2-build-windows-amd64-cygwin\jdk8u91\6644\hotspot\src\share\vm\prims\jni.cpp, line 1613]
Event: 15297.305 Thread 0x000000005a3ef000 Exception <a 'java/lang/NoSuchMethodError': <clinit>> (0x00000000d7293888) thrown at [C:\re\workspace\8-2-build-windows-amd64-cygwin\jdk8u91\6644\hotspot\src\share\vm\prims\jni.cpp, line 1613]
Event: 15297.305 Thread 0x000000005a3ef000 Exception <a 'java/lang/NoSuchMethodError': <clinit>> (0x00000000d7294e38) thrown at [C:\re\workspace\8-2-build-windows-amd64-cygwin\jdk8u91\6644\hotspot\src\share\vm\prims\jni.cpp, line 1613]
Event: 15297.306 Thread 0x000000005a3ef000 Exception <a 'java/lang/NoSuchMethodError': <clinit>> (0x00000000d72a8048) thrown at [C:\re\workspace\8-2-build-windows-amd64-cygwin\jdk8u91\6644\hotspot\src\share\vm\prims\jni.cpp, line 1613]
Event: 15297.307 Thread 0x000000005a3ef000 Exception <a 'java/lang/NoSuchMethodError': <clinit>> (0x00000000d72b30a8) thrown at [C:\re\workspace\8-2-build-windows-amd64-cygwin\jdk8u91\6644\hotspot\src\share\vm\prims\jni.cpp, line 1613]
Event: 15297.308 Thread 0x000000005a3ef000 Exception <a 'java/lang/NoSuchMethodError': <clinit>> (0x00000000d72c6560) thrown at [C:\re\workspace\8-2-build-windows-amd64-cygwin\jdk8u91\6644\hotspot\src\share\vm\prims\jni.cpp, line 1613]
Event: 15297.310 Thread 0x000000005a3ef000 Exception <a 'java/lang/NoSuchMethodError': <clinit>> (0x00000000d72db1f0) thrown at [C:\re\workspace\8-2-build-windows-amd64-cygwin\jdk8u91\6644\hotspot\src\share\vm\prims\jni.cpp, line 1613]
Event: 15297.333 Thread 0x000000005a3f8800 Exception <a 'sun/nio/fs/WindowsException'> (0x00000000d74680a0) thrown at [C:\re\workspace\8-2-build-windows-amd64-cygwin\jdk8u91\6644\hotspot\src\share\vm\prims\jni.cpp, line 709]

Events (10 events):
Event: 15297.449 loading class groovy/runtime/metaclass/org/codehaus/groovy/runtime/GStringImplMetaClass done
Event: 15297.454 loading class groovy/runtime/metaclass/build_ducieog3cp310kdgxh45nh4sy$_run_closure2$_closure7MetaClass
Event: 15297.454 loading class groovy/runtime/metaclass/build_ducieog3cp310kdgxh45nh4sy$_run_closure2$_closure7MetaClass done
Event: 15297.455 loading class groovy/runtime/metaclass/org/gradle/api/internal/artifacts/dependencies/DefaultExternalModuleDependency_DecoratedMetaClass
Event: 15297.455 loading class groovy/runtime/metaclass/org/gradle/api/internal/artifacts/dependencies/DefaultExternalModuleDependency_DecoratedMetaClass done
Event: 15297.470 loading class groovy/runtime/metaclass/org/gradle/api/plugins/internal/DefaultBasePluginConventionMetaClass
Event: 15297.470 loading class groovy/runtime/metaclass/org/gradle/api/plugins/internal/DefaultBasePluginConventionMetaClass done
Event: 15297.501 loading class groovy/runtime/metaclass/com/android/build/gradle/internal/api/ApkVariantOutputImpl_DecoratedMetaClass
Event: 15297.501 loading class groovy/runtime/metaclass/com/android/build/gradle/internal/api/ApkVariantOutputImpl_DecoratedMetaClass done
Event: 15297.519 Thread 0x00000000658e1800 Thread added: 0x00000000658e1800


Dynamic libraries:
0x000000013f4e0000 - 0x000000013f517000 	C:\Program Files\Java\jdk1.8.0_91\bin\java.exe
0x0000000077330000 - 0x00000000774cf000 	C:\Windows\SYSTEM32\ntdll.dll
0x0000000077210000 - 0x000000007732f000 	C:\Windows\system32\kernel32.dll
0x000007fefd0c0000 - 0x000007fefd127000 	C:\Windows\system32\KERNELBASE.dll
0x000007fefe6f0000 - 0x000007fefe7cb000 	C:\Windows\system32\ADVAPI32.dll
0x000007feff2f0000 - 0x000007feff38f000 	C:\Windows\system32\msvcrt.dll
0x000007feff130000 - 0x000007feff14f000 	C:\Windows\SYSTEM32\sechost.dll
0x000007feff1c0000 - 0x000007feff2ec000 	C:\Windows\system32\RPCRT4.dll
0x0000000077110000 - 0x000000007720b000 	C:\Windows\system32\USER32.dll
0x000007feff150000 - 0x000007feff1b7000 	C:\Windows\system32\GDI32.dll
0x000007fefd240000 - 0x000007fefd24e000 	C:\Windows\system32\LPK.dll
0x000007fefe7d0000 - 0x000007fefe89b000 	C:\Windows\system32\USP10.dll
0x000007fefb2b0000 - 0x000007fefb4a5000 	C:\Windows\WinSxS\amd64_microsoft.windows.common-controls_6595b64144ccf1df_6.0.7601.24483_none_e372d88f30fbb845\COMCTL32.dll
0x000007feff3b0000 - 0x000007feff421000 	C:\Windows\system32\SHLWAPI.dll
0x000007fefe6c0000 - 0x000007fefe6ee000 	C:\Windows\system32\IMM32.DLL
0x000007fefd3e0000 - 0x000007fefd4eb000 	C:\Windows\system32\MSCTF.dll
0x000007fefcd80000 - 0x000007fefcdb0000 	C:\Windows\system32\nvinitx.dll
0x000007fefcd70000 - 0x000007fefcd7c000 	C:\Windows\system32\VERSION.dll
0x0000000074a80000 - 0x0000000074a86000 	C:\Program Files\NVIDIA Corporation\CoProcManager\detoured.dll
0x000007fefb4b0000 - 0x000007fefb4e8000 	C:\Program Files\NVIDIA Corporation\CoProcManager\nvd3d9wrapx.dll
0x000007fefef50000 - 0x000007feff127000 	C:\Windows\system32\SETUPAPI.dll
0x000007fefd200000 - 0x000007fefd236000 	C:\Windows\system32\CFGMGR32.dll
0x000007fefe5e0000 - 0x000007fefe6bb000 	C:\Windows\system32\OLEAUT32.dll
0x000007fefe8a0000 - 0x000007fefea9f000 	C:\Windows\system32\ole32.dll
0x000007fefd1e0000 - 0x000007fefd1fa000 	C:\Windows\system32\DEVOBJ.dll
0x000007fefb280000 - 0x000007fefb2a4000 	C:\Program Files\NVIDIA Corporation\CoProcManager\nvdxgiwrapx.dll
0x0000000070060000 - 0x0000000070132000 	C:\Program Files\Java\jdk1.8.0_91\jre\bin\msvcr100.dll
0x000000006aad0000 - 0x000000006b363000 	C:\Program Files\Java\jdk1.8.0_91\jre\bin\server\jvm.dll
0x000007fef6e20000 - 0x000007fef6e29000 	C:\Windows\system32\WSOCK32.dll
0x000007feff4d0000 - 0x000007feff51d000 	C:\Windows\system32\WS2_32.dll
0x000007fefd570000 - 0x000007fefd578000 	C:\Windows\system32\NSI.dll
0x000007fefad50000 - 0x000007fefad8b000 	C:\Windows\system32\WINMM.dll
0x00000000774e0000 - 0x00000000774e7000 	C:\Windows\system32\PSAPI.DLL
0x0000000072980000 - 0x000000007298f000 	C:\Program Files\Java\jdk1.8.0_91\jre\bin\verify.dll
0x0000000072950000 - 0x0000000072979000 	C:\Program Files\Java\jdk1.8.0_91\jre\bin\java.dll
0x0000000072930000 - 0x0000000072946000 	C:\Program Files\Java\jdk1.8.0_91\jre\bin\zip.dll
0x000007fefd580000 - 0x000007fefe30b000 	C:\Windows\system32\SHELL32.dll
0x000007fefce80000 - 0x000007fefce8f000 	C:\Windows\system32\profapi.dll
0x0000000072910000 - 0x000000007292a000 	C:\Program Files\Java\jdk1.8.0_91\jre\bin\net.dll
0x000007fefc580000 - 0x000007fefc5d5000 	C:\Windows\system32\mswsock.dll
0x000007fefc570000 - 0x000007fefc577000 	C:\Windows\System32\wship6.dll
0x00000000728f0000 - 0x0000000072901000 	C:\Program Files\Java\jdk1.8.0_91\jre\bin\nio.dll
0x000007fef9c40000 - 0x000007fef9c66000 	C:\Users\program\.gradle\native\31\windows-amd64\native-platform.dll
0x000007fef9550000 - 0x000007fef9553000 	C:\Windows\system32\api-ms-win-core-synch-l1-2-0.DLL
0x00000000728e0000 - 0x00000000728ed000 	C:\Program Files\Java\jdk1.8.0_91\jre\bin\management.dll
0x000007fefc5e0000 - 0x000007fefc5f8000 	C:\Windows\system32\CRYPTSP.dll
0x000007fefc2e0000 - 0x000007fefc327000 	C:\Windows\system32\rsaenh.dll
0x000007fefd040000 - 0x000007fefd05f000 	C:\Windows\system32\USERENV.dll
0x000007fefcca0000 - 0x000007fefccaf000 	C:\Windows\system32\CRYPTBASE.dll
0x000007fefa4e0000 - 0x000007fefa507000 	C:\Windows\system32\IPHLPAPI.DLL
0x000007fefa4c0000 - 0x000007fefa4cb000 	C:\Windows\system32\WINNSI.DLL
0x000007fef9b00000 - 0x000007fef9b11000 	C:\Windows\system32\dhcpcsvc6.DLL
0x000007fef9e30000 - 0x000007fef9e48000 	C:\Windows\system32\dhcpcsvc.DLL
0x0000000073560000 - 0x0000000073584000 	C:\Program Files\Java\jdk1.8.0_91\jre\bin\sunec.dll
0x000007fefbe30000 - 0x000007fefbe37000 	C:\Windows\System32\wshtcpip.dll
0x000007fefc400000 - 0x000007fefc45b000 	C:\Windows\system32\DNSAPI.dll
0x00000000728a0000 - 0x00000000728c6000 	C:\Program Files\Bonjour\mdnsNSP.dll
0x000007fef8470000 - 0x000007fef8478000 	C:\Windows\system32\rasadhlp.dll
0x000007fefa2f0000 - 0x000007fefa343000 	C:\Windows\System32\fwpuclnt.dll
0x000007fefa790000 - 0x000007fefa7a5000 	C:\Windows\system32\NLAapi.dll
0x000007fef36c0000 - 0x000007fef36d5000 	C:\Windows\system32\napinsp.dll
0x000007fef36e0000 - 0x000007fef36f9000 	C:\Windows\system32\pnrpnsp.dll
0x000007fef36b0000 - 0x000007fef36c0000 	C:\Windows\system32\wshbth.dll
0x000007fef3670000 - 0x000007fef367b000 	C:\Windows\System32\winrnr.dll
0x000007fefcc40000 - 0x000007fefcc97000 	C:\Windows\system32\apphelp.dll
0x000007fef7ee0000 - 0x000007fef8005000 	C:\Windows\system32\dbghelp.dll

VM Arguments:
jvm_args: -Xmx2048m -Dfile.encoding=windows-1252 -Duser.country=US -Duser.language=en -Duser.variant 
java_command: org.gradle.launcher.daemon.bootstrap.GradleDaemon 6.1.1
java_class_path (initial): C:\Users\program\.gradle\wrapper\dists\gradle-6.1.1-all\cfmwm155h49vnt3hynmlrsdst\gradle-6.1.1\lib\gradle-launcher-6.1.1.jar
Launcher Type: SUN_STANDARD

Environment Variables:
JAVA_HOME=C:\Program Files\Java\jdk1.8.0_91
JRE_HOME=C:\Program Files\Java\jre1.8.0_91\bin
CLASSPATH= C:\Program Files\Java\jdk1.8.0_91\jre\lib
PATH=C:\Program Files (x86)\Common Files\Oracle\Java\javapath;C:\ProgramData\Oracle\Java\javapath;C:\Windows\system32;C:\Windows;C:\Windows\System32\Wbem;C:\Windows\System32\WindowsPowerShell\v1.0\;C:\Program Files (x86)\NVIDIA Corporation\PhysX\Common;C:\Program Files\Seapine\Surround SCM;C:\Program Files\SourceGear\Common\DiffMerge\;D:\xampp7\php;C:\ffmpeg\bin\;C:\Program Files\PuTTY\;C:\Program Files (x86)\GtkSharp\2.12\bin;C:\Program Files (x86)\Windows Kits\8.0\Windows Performance Toolkit\;C:\composer;C:\Program Files\Microsoft VS Code\bin;C:\Program Files\Git\cmd;C:\Program Files\MySQL\MySQL Server 8.0\bin;D:\Android\sdk\platform-tools;C:\Program Files\MySQL\MySQL Server 5.7\bin;C:\Windows\System32\WindowsPowerShell\v1.0\;C:\Windows\System32\WindowsPowerShell\v1.0\;C:\Program Files (x86)\Microsoft SQL Server\100\Tools\Binn\;C:\Program Files\Microsoft SQL Server\100\Tools\Binn\;C:\Program Files\Microsoft SQL Server\100\DTS\Binn\;C:\Program Files (x86)\Microsoft SQL Server\100\Tools\Binn\VSShell\Common7\IDE\;C:\Program Files (x86)\Microsoft Visual Studio 9.0\Common7\IDE\PrivateAssemblies\;C:\Program Files (x86)\Microsoft SQL Server\100\DTS\Binn\;C:\Program Files\nodejs\;C:\Program Files\Java\jdk1.8.0_91\bin;D:\MongoDB\Server\3.4\bin;C:\Program Files\Java\jdk1.8.0_91\jre\bin;C:\Program Files\Microsoft VS Code\bin;C:\Program Files (x86)\Mono\bin;C:\apache-maven-3.5.2\bin;C:\Users\program\AppData\Roaming\Composer\vendor\bin;D:\Flutter\src\bin;D:\Flutter\src\bin\cache\dart-sdk\bin;C:\Users\program\AppData\Roaming\npm;C:\Program Files\Java\jdk1.8.0_91\bin;C:\Program Files\JetBrains\IntelliJ IDEA Community Edition 2020.3.2\bin;
USERNAME=program
OS=Windows_NT
PROCESSOR_IDENTIFIER=Intel64 Family 6 Model 61 Stepping 4, GenuineIntel



---------------  S Y S T E M  ---------------

OS: Windows 7 , 64 bit Build 7601 (6.1.7601.24545)

CPU:total 4 (2 cores per cpu, 2 threads per core) family 6 model 61 stepping 4, cmov, cx8, fxsr, mmx, sse, sse2, sse3, ssse3, sse4.1, sse4.2, popcnt, avx, avx2, aes, clmul, erms, 3dnowpref, lzcnt, ht, tsc, tscinvbit, bmi1, bmi2, adx

Memory: 4k page, physical 8297976k(765624k free), swap 16594052k(8703704k free)

vm_info: Java HotSpot(TM) 64-Bit Server VM (25.91-b14) for windows-amd64 JRE (1.8.0_91-b14), built on Apr  1 2016 00:58:32 by "java_re" with MS VC++ 10.0 (VS2010)

time: Fri May 21 13:22:28 2021
elapsed time: 15298 seconds (0d 4h 14m 58s)

